2025-06-12 21:37:36,864 INFO t.LoginPageTest [main] Starting test: incorrectCredentials
2025-06-12 21:37:36,894 INFO t.LoginPageTest [main] LoginPage object created
2025-06-12 21:37:37,319 INFO t.LoginPageTest [main] Performed login with incorrect credentials
2025-06-12 21:37:37,347 INFO t.LoginPageTest [main] Verified incorrect credentials error message
2025-06-12 21:37:37,347 INFO t.LoginPageTest [main] Test ended ... incorrectCredentials
2025-06-13 17:54:14,060 INFO t.LoginPageTest [main] Starting test: incorrectCredentials
2025-06-13 17:54:14,084 INFO t.LoginPageTest [main] LoginPage object created
2025-06-13 17:54:14,490 INFO t.LoginPageTest [main] Performed login with incorrect credentials
2025-06-13 17:54:14,509 INFO t.LoginPageTest [main] Verified incorrect credentials error message
2025-06-13 17:54:14,509 INFO t.LoginPageTest [main] Test ended ... incorrectCredentials
2025-06-13 18:09:53,016 INFO t.LoginPageTest [main] Starting test: incorrectCredentials
2025-06-13 18:09:53,049 INFO t.LoginPageTest [main] LoginPage object created
2025-06-13 18:09:53,604 INFO t.LoginPageTest [main] Performed login with incorrect credentials
2025-06-13 18:09:53,624 INFO t.LoginPageTest [main] Verified incorrect credentials error message
2025-06-13 18:09:53,624 INFO t.LoginPageTest [main] Test ended ... incorrectCredentials
2025-06-13 18:10:11,838 INFO t.LoginPageTest [main] Starting test : successLogin
2025-06-13 18:10:11,862 INFO t.LoginPageTest [main] Driver initialized successfully
2025-06-13 18:10:11,862 INFO t.LoginPageTest [main] Entering user credentials ....
2025-06-13 18:10:12,373 INFO t.LoginPageTest [main] Clicking on Hamburger menu ...
2025-06-13 18:10:12,591 INFO t.LoginPageTest [main] Clicking on Logout button ...
2025-06-13 18:10:12,868 INFO t.LoginPageTest [main] Test ended ... successLogin
2025-06-14 11:49:25,260 INFO t.LoginPageTest [main] Starting test: emptyCredentials
2025-06-14 11:49:25,279 INFO t.LoginPageTest [main] LoginPage object created
2025-06-14 11:49:25,555 INFO t.LoginPageTest [main] Performed login without entering any credentials
2025-06-14 11:49:25,594 INFO t.LoginPageTest [main] Verified empty credentials error message
2025-06-14 11:49:25,595 INFO t.LoginPageTest [main] Test ended ... emptyCredentials
2025-06-14 11:49:29,835 INFO t.LoginPageTest [main] Starting test: errorUserCheck
2025-06-14 11:49:29,836 INFO t.LoginPageTest [main] LoginPage object created
2025-06-14 11:49:30,230 INFO t.LoginPageTest [main] Performed login with locked user credentials
2025-06-14 11:49:30,250 INFO t.LoginPageTest [main] Verified locked out error message
2025-06-14 11:49:30,251 INFO t.LoginPageTest [main] Test ended ... errorUserCheck
2025-06-14 11:49:34,239 INFO t.LoginPageTest [main] Starting test: incorrectCredentials
2025-06-14 11:49:34,240 INFO t.LoginPageTest [main] LoginPage object created
2025-06-14 11:49:34,602 INFO t.LoginPageTest [main] Performed login with incorrect credentials
2025-06-14 11:49:34,627 INFO t.LoginPageTest [main] Verified incorrect credentials error message
2025-06-14 11:49:34,627 INFO t.LoginPageTest [main] Test ended ... incorrectCredentials
2025-06-14 11:49:38,467 INFO t.LoginPageTest [main] Starting test : successLogin
2025-06-14 11:49:38,468 INFO t.LoginPageTest [main] Driver initialized successfully
2025-06-14 11:49:38,468 INFO t.LoginPageTest [main] Entering user credentials ....
2025-06-14 11:49:38,891 INFO t.LoginPageTest [main] Clicking on Hamburger menu ...
2025-06-14 11:49:39,117 INFO t.LoginPageTest [main] Clicking on Logout button ...
2025-06-14 11:49:39,400 INFO t.LoginPageTest [main] Test ended ... successLogin
2025-06-14 11:53:16,728 INFO t.LoginPageTest [main] Starting test: emptyCredentials
2025-06-14 11:53:16,746 INFO t.LoginPageTest [main] LoginPage object created
2025-06-14 11:53:17,062 INFO t.LoginPageTest [main] Performed login without entering any credentials
2025-06-14 11:53:17,089 INFO t.LoginPageTest [main] Verified empty credentials error message
2025-06-14 11:53:17,089 INFO t.LoginPageTest [main] Test ended ... emptyCredentials
2025-06-14 11:53:21,022 INFO t.LoginPageTest [main] Starting test: errorUserCheck
2025-06-14 11:53:21,022 INFO t.LoginPageTest [main] LoginPage object created
2025-06-14 11:53:21,394 INFO t.LoginPageTest [main] Performed login with locked user credentials
2025-06-14 11:53:21,421 INFO t.LoginPageTest [main] Verified locked out error message
2025-06-14 11:53:21,421 INFO t.LoginPageTest [main] Test ended ... errorUserCheck
2025-06-14 11:53:25,232 INFO t.LoginPageTest [main] Starting test: incorrectCredentials
2025-06-14 11:53:25,233 INFO t.LoginPageTest [main] LoginPage object created
2025-06-14 11:53:25,611 INFO t.LoginPageTest [main] Performed login with incorrect credentials
2025-06-14 11:53:25,645 INFO t.LoginPageTest [main] Verified incorrect credentials error message
2025-06-14 11:53:25,646 INFO t.LoginPageTest [main] Test ended ... incorrectCredentials
2025-06-14 11:53:29,531 INFO t.LoginPageTest [main] Starting test : successLogin
2025-06-14 11:53:29,532 INFO t.LoginPageTest [main] Driver initialized successfully
2025-06-14 11:53:29,533 INFO t.LoginPageTest [main] Entering user credentials ....
2025-06-14 11:53:30,028 INFO t.LoginPageTest [main] Clicking on Hamburger menu ...
2025-06-14 11:53:30,255 INFO t.LoginPageTest [main] Clicking on Logout button ...
2025-06-14 11:53:30,549 INFO t.LoginPageTest [main] Test ended ... successLogin
2025-06-14 11:53:55,758 INFO t.LoginPageTest [main] Starting test : successLogin
2025-06-14 11:53:55,775 INFO t.LoginPageTest [main] Driver initialized successfully
2025-06-14 11:53:55,775 INFO t.LoginPageTest [main] Entering user credentials ....
2025-06-14 11:53:56,226 INFO t.LoginPageTest [main] Clicking on Hamburger menu ...
2025-06-14 11:53:56,474 INFO t.LoginPageTest [main] Clicking on Logout button ...
2025-06-14 11:53:56,771 INFO t.LoginPageTest [main] Test ended ... successLogin
2025-06-14 12:03:28,738 INFO t.LoginPageTest [main] Starting test : successLogin
2025-06-14 12:03:28,763 INFO t.LoginPageTest [main] Driver initialized successfully
2025-06-14 12:03:28,763 INFO t.LoginPageTest [main] Entering user credentials ....
2025-06-14 12:05:18,870 INFO t.LoginPageTest [main] Starting test : successLogin
2025-06-14 12:05:18,907 INFO t.LoginPageTest [main] Driver initialized successfully
2025-06-14 12:05:18,907 INFO t.LoginPageTest [main] Entering user credentials ....
2025-06-14 12:06:25,114 INFO t.LoginPageTest [main] Starting test : successLogin
2025-06-14 12:06:25,134 INFO t.LoginPageTest [main] Driver initialized successfully
2025-06-14 12:06:25,134 INFO t.LoginPageTest [main] Entering user credentials ....
2025-06-14 12:06:25,670 INFO t.LoginPageTest [main] Clicking on Hamburger menu ...
2025-06-14 12:06:25,908 INFO t.LoginPageTest [main] Clicking on Logout button ...
2025-06-14 12:06:26,210 INFO t.LoginPageTest [main] Test ended ... successLogin
2025-06-14 12:06:41,732 INFO t.LoginPageTest [main] Starting test : successLogin
2025-06-14 12:06:41,748 INFO t.LoginPageTest [main] Driver initialized successfully
2025-06-14 12:06:41,748 INFO t.LoginPageTest [main] Entering user credentials ....
2025-06-14 12:06:42,275 INFO t.LoginPageTest [main] Clicking on Hamburger menu ...
2025-06-14 12:06:42,508 INFO t.LoginPageTest [main] Clicking on Logout button ...
2025-06-14 12:06:42,795 INFO t.LoginPageTest [main] Test ended ... successLogin
2025-06-14 12:07:02,326 INFO t.LoginPageTest [main] Starting test : successLogin
2025-06-14 12:07:02,346 INFO t.LoginPageTest [main] Driver initialized successfully
2025-06-14 12:07:02,346 INFO t.LoginPageTest [main] Entering user credentials ....
2025-06-14 12:10:15,303 INFO t.LoginPageTest [main] Starting test: emptyCredentials
2025-06-14 12:10:15,321 INFO t.LoginPageTest [main] LoginPage object created
2025-06-14 12:10:39,163 INFO t.LoginPageTest [main] Starting test: errorUserCheck
2025-06-14 12:10:39,163 INFO t.LoginPageTest [main] LoginPage object created
2025-06-14 12:11:02,938 INFO t.LoginPageTest [main] Starting test: incorrectCredentials
2025-06-14 12:11:02,941 INFO t.LoginPageTest [main] LoginPage object created
2025-06-14 12:11:26,957 INFO t.LoginPageTest [main] Starting test : successLogin
2025-06-14 12:11:26,957 INFO t.LoginPageTest [main] Driver initialized successfully
2025-06-14 12:11:26,957 INFO t.LoginPageTest [main] Entering user credentials ....
2025-06-14 13:13:43,460 INFO t.LoginPageTest [main] Starting test : successLogin
2025-06-14 13:13:43,493 INFO t.LoginPageTest [main] Driver initialized successfully
2025-06-14 13:13:43,493 INFO t.LoginPageTest [main] Entering user credentials ....
2025-06-14 13:14:30,252 INFO t.LoginPageTest [main] Starting test : successLogin
2025-06-14 13:14:30,311 INFO t.LoginPageTest [main] Driver initialized successfully
2025-06-14 13:14:30,312 INFO t.LoginPageTest [main] Entering user credentials ....
2025-06-14 13:14:30,935 INFO t.LoginPageTest [main] Clicking on Hamburger menu ...
2025-06-14 13:14:31,193 INFO t.LoginPageTest [main] Clicking on Logout button ...
2025-06-14 13:16:33,683 INFO t.LoginPageTest [main] Starting test : successLogin
2025-06-14 13:16:33,711 INFO t.LoginPageTest [main] Driver initialized successfully
2025-06-14 13:16:33,711 INFO t.LoginPageTest [main] Entering user credentials ....
2025-06-14 13:16:34,274 INFO t.LoginPageTest [main] Clicking on Hamburger menu ...
2025-06-14 13:16:34,537 INFO t.LoginPageTest [main] Clicking on Logout button ...
2025-06-14 13:16:40,734 INFO t.LoginPageTest [main] Starting test : successLogin
2025-06-14 13:16:40,735 INFO t.LoginPageTest [main] Driver initialized successfully
2025-06-14 13:16:40,735 INFO t.LoginPageTest [main] Entering user credentials ....
2025-06-14 13:16:41,273 INFO t.LoginPageTest [main] Clicking on Hamburger menu ...
2025-06-14 13:16:41,518 INFO t.LoginPageTest [main] Clicking on Logout button ...
2025-06-14 13:48:28,215 INFO t.LoginPageTest [main] Starting test : successLogin
2025-06-14 13:48:28,233 INFO t.LoginPageTest [main] Driver initialized successfully
2025-06-14 13:48:28,233 INFO t.LoginPageTest [main] Entering user credentials ....
2025-06-14 13:48:28,734 INFO t.LoginPageTest [main] Clicking on Hamburger menu ...
2025-06-14 13:48:28,962 INFO t.LoginPageTest [main] Clicking on Logout button ...
2025-06-14 13:48:33,207 INFO t.LoginPageTest [main] Starting test : successLogin
2025-06-14 13:48:33,208 INFO t.LoginPageTest [main] Driver initialized successfully
2025-06-14 13:48:33,208 INFO t.LoginPageTest [main] Entering user credentials ....
2025-06-14 13:48:33,598 INFO t.LoginPageTest [main] Clicking on Hamburger menu ...
2025-06-14 13:48:33,823 INFO t.LoginPageTest [main] Clicking on Logout button ...
2025-06-14 13:54:29,430 INFO t.LoginPageTest [main] Starting test: emptyCredentials
2025-06-14 13:54:29,451 INFO t.LoginPageTest [main] LoginPage object created
2025-06-14 13:54:29,727 INFO t.LoginPageTest [main] Performed login without entering any credentials
2025-06-14 13:54:29,753 INFO t.LoginPageTest [main] Verified empty credentials error message
2025-06-14 13:54:29,753 INFO t.LoginPageTest [main] Test ended ... emptyCredentials
2025-06-14 13:54:33,965 INFO t.LoginPageTest [main] Starting test: errorUserCheck
2025-06-14 13:54:33,967 INFO t.LoginPageTest [main] LoginPage object created
2025-06-14 13:54:34,414 INFO t.LoginPageTest [main] Performed login with locked user credentials
2025-06-14 13:54:34,437 INFO t.LoginPageTest [main] Verified locked out error message
2025-06-14 13:54:34,437 INFO t.LoginPageTest [main] Test ended ... errorUserCheck
2025-06-14 13:54:38,468 INFO t.LoginPageTest [main] Starting test: incorrectCredentials
2025-06-14 13:54:38,468 INFO t.LoginPageTest [main] LoginPage object created
2025-06-14 13:54:38,988 INFO t.LoginPageTest [main] Performed login with incorrect credentials
2025-06-14 13:54:39,021 INFO t.LoginPageTest [main] Verified incorrect credentials error message
2025-06-14 13:54:39,021 INFO t.LoginPageTest [main] Test ended ... incorrectCredentials
2025-06-14 13:54:43,199 INFO t.LoginPageTest [main] Starting test : successLogin
2025-06-14 13:54:43,200 INFO t.LoginPageTest [main] Driver initialized successfully
2025-06-14 13:54:43,200 INFO t.LoginPageTest [main] Entering user credentials ....
2025-06-14 13:54:43,629 INFO t.LoginPageTest [main] Clicking on Hamburger menu ...
2025-06-14 13:54:43,862 INFO t.LoginPageTest [main] Clicking on Logout button ...
2025-06-14 13:54:48,083 INFO t.LoginPageTest [main] Starting test : successLogin
2025-06-14 13:54:48,084 INFO t.LoginPageTest [main] Driver initialized successfully
2025-06-14 13:54:48,084 INFO t.LoginPageTest [main] Entering user credentials ....
2025-06-14 13:54:48,627 INFO t.LoginPageTest [main] Clicking on Hamburger menu ...
2025-06-14 13:54:48,867 INFO t.LoginPageTest [main] Clicking on Logout button ...
2025-06-14 19:31:57,085 INFO t.LoginPageTest [main] Starting test : successLogin
2025-06-14 19:31:57,129 INFO t.LoginPageTest [main] Driver initialized successfully
2025-06-14 19:31:57,129 INFO t.LoginPageTest [main] Entering user credentials ....
2025-06-14 19:31:57,663 INFO t.LoginPageTest [main] Clicking on Hamburger menu ...
2025-06-14 19:31:57,794 INFO t.LoginPageTest [main] Clicking on Logout button ...
2025-06-14 19:32:02,727 INFO t.LoginPageTest [main] Starting test : successLogin
2025-06-14 19:32:02,730 INFO t.LoginPageTest [main] Driver initialized successfully
2025-06-14 19:32:02,730 INFO t.LoginPageTest [main] Entering user credentials ....
2025-06-14 19:32:03,275 INFO t.LoginPageTest [main] Clicking on Hamburger menu ...
2025-06-14 19:32:03,420 INFO t.LoginPageTest [main] Clicking on Logout button ...
2025-06-14 19:36:16,999 INFO t.LoginPageTest [main] Starting test : successLogin
2025-06-14 19:36:17,044 INFO t.LoginPageTest [main] Driver initialized successfully
2025-06-14 19:36:17,044 INFO t.LoginPageTest [main] Entering user credentials ....
2025-06-14 19:37:49,170 INFO t.LoginPageTest [main] Starting test : successLogin
2025-06-14 19:37:49,202 INFO t.LoginPageTest [main] Driver initialized successfully
2025-06-14 19:37:49,202 INFO t.LoginPageTest [main] Entering user credentials ....
2025-06-14 19:37:49,776 INFO t.LoginPageTest [main] Clicking on Hamburger menu ...
2025-06-14 19:37:49,909 INFO t.LoginPageTest [main] Clicking on Logout button ...
2025-06-14 19:37:53,506 INFO t.LoginPageTest [main] Starting test : successLogin
2025-06-14 19:37:53,511 INFO t.LoginPageTest [main] Driver initialized successfully
2025-06-14 19:37:53,511 INFO t.LoginPageTest [main] Entering user credentials ....
2025-06-14 19:37:54,031 INFO t.LoginPageTest [main] Clicking on Hamburger menu ...
2025-06-14 19:37:54,166 INFO t.LoginPageTest [main] Clicking on Logout button ...
2025-06-14 19:39:57,449 INFO t.LoginPageTest [main] Starting test : successLogin
2025-06-14 19:39:57,483 INFO t.LoginPageTest [main] Driver initialized successfully
2025-06-14 19:39:57,483 INFO t.LoginPageTest [main] Entering user credentials ....
2025-06-14 19:39:58,011 INFO t.LoginPageTest [main] Clicking on Hamburger menu ...
2025-06-14 19:39:58,148 INFO t.LoginPageTest [main] Clicking on Logout button ...
2025-06-14 19:40:01,945 INFO t.LoginPageTest [main] Starting test : successLogin
2025-06-14 19:40:01,946 INFO t.LoginPageTest [main] Driver initialized successfully
2025-06-14 19:40:01,947 INFO t.LoginPageTest [main] Entering user credentials ....
2025-06-14 19:40:02,511 INFO t.LoginPageTest [main] Clicking on Hamburger menu ...
2025-06-14 19:40:02,645 INFO t.LoginPageTest [main] Clicking on Logout button ...
2025-06-14 20:47:48,954 INFO t.LoginPageTest [main] Starting test : successLogin
2025-06-14 20:47:48,982 INFO t.LoginPageTest [main] Driver initialized successfully
2025-06-14 20:47:48,982 INFO t.LoginPageTest [main] Entering user credentials ....
2025-06-14 20:47:49,512 INFO t.LoginPageTest [main] Clicking on Hamburger menu ...
2025-06-14 20:47:49,644 INFO t.LoginPageTest [main] Clicking on Logout button ...
2025-06-14 20:47:54,636 INFO t.LoginPageTest [main] Starting test : successLogin
2025-06-14 20:47:54,639 INFO t.LoginPageTest [main] Driver initialized successfully
2025-06-14 20:47:54,639 INFO t.LoginPageTest [main] Entering user credentials ....
2025-06-14 20:47:55,195 INFO t.LoginPageTest [main] Clicking on Hamburger menu ...
2025-06-14 20:47:55,346 INFO t.LoginPageTest [main] Clicking on Logout button ...
2025-06-14 20:49:42,136 INFO t.LoginPageTest [main] Starting test : successLogin
2025-06-14 20:49:42,170 INFO t.LoginPageTest [main] Driver initialized successfully
2025-06-14 20:49:42,170 INFO t.LoginPageTest [main] Entering user credentials ....
2025-06-14 20:49:42,726 INFO t.LoginPageTest [main] Clicking on Hamburger menu ...
2025-06-14 20:49:42,878 INFO t.LoginPageTest [main] Clicking on Logout button ...
2025-06-14 20:49:47,837 INFO t.LoginPageTest [main] Starting test : successLogin
2025-06-14 20:49:47,839 INFO t.LoginPageTest [main] Driver initialized successfully
2025-06-14 20:49:47,840 INFO t.LoginPageTest [main] Entering user credentials ....
2025-06-14 20:49:48,426 INFO t.LoginPageTest [main] Clicking on Hamburger menu ...
2025-06-14 20:49:48,575 INFO t.LoginPageTest [main] Clicking on Logout button ...
2025-06-14 20:52:05,917 INFO t.LoginPageTest [main] Starting test : successLogin
2025-06-14 20:52:05,951 INFO t.LoginPageTest [main] Driver initialized successfully
2025-06-14 20:52:05,951 INFO t.LoginPageTest [main] Entering user credentials ....
2025-06-14 20:52:06,525 INFO t.LoginPageTest [main] Clicking on Hamburger menu ...
2025-06-14 20:52:06,673 INFO t.LoginPageTest [main] Clicking on Logout button ...
2025-06-14 20:52:11,655 INFO t.LoginPageTest [main] Starting test : successLogin
2025-06-14 20:52:11,657 INFO t.LoginPageTest [main] Driver initialized successfully
2025-06-14 20:52:11,657 INFO t.LoginPageTest [main] Entering user credentials ....
2025-06-14 20:52:12,236 INFO t.LoginPageTest [main] Clicking on Hamburger menu ...
2025-06-14 20:52:12,407 INFO t.LoginPageTest [main] Clicking on Logout button ...
2025-06-14 20:54:26,653 INFO t.LoginPageTest [main] Starting test : successLogin
2025-06-14 20:54:26,690 INFO t.LoginPageTest [main] Driver initialized successfully
2025-06-14 20:54:26,691 INFO t.LoginPageTest [main] Entering user credentials ....
2025-06-14 20:54:27,244 INFO t.LoginPageTest [main] Clicking on Hamburger menu ...
2025-06-14 20:54:27,376 INFO t.LoginPageTest [main] Clicking on Logout button ...
2025-06-14 20:54:32,299 INFO t.LoginPageTest [main] Starting test : successLogin
2025-06-14 20:54:32,301 INFO t.LoginPageTest [main] Driver initialized successfully
2025-06-14 20:54:32,301 INFO t.LoginPageTest [main] Entering user credentials ....
2025-06-14 20:54:32,904 INFO t.LoginPageTest [main] Clicking on Hamburger menu ...
2025-06-14 20:54:33,059 INFO t.LoginPageTest [main] Clicking on Logout button ...
2025-06-14 20:56:09,534 INFO t.LoginPageTest [main] Starting test : successLogin
2025-06-14 20:56:09,563 INFO t.LoginPageTest [main] Driver initialized successfully
2025-06-14 20:56:09,563 INFO t.LoginPageTest [main] Entering user credentials ....
2025-06-14 20:56:10,097 INFO t.LoginPageTest [main] Clicking on Hamburger menu ...
2025-06-14 20:56:10,243 INFO t.LoginPageTest [main] Clicking on Logout button ...
2025-06-14 20:56:15,347 INFO t.LoginPageTest [main] Starting test : successLogin
2025-06-14 20:56:15,348 INFO t.LoginPageTest [main] Driver initialized successfully
2025-06-14 20:56:15,349 INFO t.LoginPageTest [main] Entering user credentials ....
2025-06-14 20:56:15,918 INFO t.LoginPageTest [main] Clicking on Hamburger menu ...
2025-06-14 20:56:16,072 INFO t.LoginPageTest [main] Clicking on Logout button ...
2025-06-14 21:01:37,515 INFO t.LoginPageTest [main] Starting test : successLogin
2025-06-14 21:01:37,546 INFO t.LoginPageTest [main] Driver initialized successfully
2025-06-14 21:01:37,547 INFO t.LoginPageTest [main] Entering user credentials ....
2025-06-14 21:01:38,089 INFO t.LoginPageTest [main] Clicking on Hamburger menu ...
2025-06-14 21:01:38,223 INFO t.LoginPageTest [main] Clicking on Logout button ...
2025-06-14 21:01:43,593 INFO t.LoginPageTest [main] Starting test : successLogin
2025-06-14 21:01:43,599 INFO t.LoginPageTest [main] Driver initialized successfully
2025-06-14 21:01:43,599 INFO t.LoginPageTest [main] Entering user credentials ....
2025-06-14 21:01:44,158 INFO t.LoginPageTest [main] Clicking on Hamburger menu ...
2025-06-14 21:01:44,307 INFO t.LoginPageTest [main] Clicking on Logout button ...
2025-06-14 21:04:14,911 INFO t.LoginPageTest [main] Starting test : successLogin
2025-06-14 21:04:14,943 INFO t.LoginPageTest [main] Driver initialized successfully
2025-06-14 21:04:14,944 INFO t.LoginPageTest [main] Entering user credentials ....
2025-06-14 21:04:15,505 INFO t.LoginPageTest [main] Clicking on Hamburger menu ...
2025-06-14 21:04:15,641 INFO t.LoginPageTest [main] Clicking on Logout button ...
2025-06-14 21:04:15,939 INFO t.LoginPageTest [main] Test ended ... successLogin
2025-06-14 21:13:24,535 INFO t.LoginPageTest [TestNG-tests-2] Starting test: errorUserCheck
2025-06-14 21:13:24,535 INFO t.LoginPageTest [TestNG-tests-1] Starting test : successLogin
2025-06-14 21:13:24,571 INFO t.LoginPageTest [TestNG-tests-2] LoginPage object created
2025-06-14 21:13:24,571 INFO t.LoginPageTest [TestNG-tests-1] Driver initialized successfully
2025-06-14 21:13:24,572 INFO t.LoginPageTest [TestNG-tests-1] Entering user credentials ....
2025-06-14 21:13:25,039 INFO t.LoginPageTest [TestNG-tests-2] Performed login with locked user credentials
2025-06-14 21:13:25,100 INFO t.LoginPageTest [TestNG-tests-2] Verified locked out error message
2025-06-14 21:13:25,101 INFO t.LoginPageTest [TestNG-tests-2] Test ended ... errorUserCheck
2025-06-14 21:13:25,115 INFO t.LoginPageTest [TestNG-tests-1] Clicking on Hamburger menu ...
2025-06-14 21:13:25,294 INFO t.LoginPageTest [TestNG-tests-1] Clicking on Logout button ...
2025-06-14 21:13:25,592 INFO t.LoginPageTest [TestNG-tests-1] Test ended ... successLogin
2025-06-14 21:15:21,110 INFO t.LoginPageTest [TestNG-tests-1] Starting test: emptyCredentials
2025-06-14 21:15:21,142 INFO t.LoginPageTest [TestNG-tests-1] LoginPage object created
2025-06-14 21:15:21,374 INFO t.LoginPageTest [TestNG-tests-1] Performed login without entering any credentials
2025-06-14 21:15:21,432 INFO t.LoginPageTest [TestNG-tests-1] Verified empty credentials error message
2025-06-14 21:15:21,432 INFO t.LoginPageTest [TestNG-tests-1] Test ended ... emptyCredentials
2025-06-14 21:15:23,307 INFO t.LoginPageTest [TestNG-tests-2] Starting test: emptyCredentials
2025-06-14 21:15:23,309 INFO t.LoginPageTest [TestNG-tests-2] LoginPage object created
2025-06-14 21:15:23,623 INFO t.LoginPageTest [TestNG-tests-2] Performed login without entering any credentials
2025-06-14 21:15:23,651 INFO t.LoginPageTest [TestNG-tests-2] Verified empty credentials error message
2025-06-14 21:15:23,653 INFO t.LoginPageTest [TestNG-tests-2] Test ended ... emptyCredentials
2025-06-14 21:15:26,134 INFO t.LoginPageTest [TestNG-tests-1] Starting test: errorUserCheck
2025-06-14 21:15:26,136 INFO t.LoginPageTest [TestNG-tests-1] LoginPage object created
2025-06-14 21:15:26,579 INFO t.LoginPageTest [TestNG-tests-1] Performed login with locked user credentials
2025-06-14 21:15:26,648 INFO t.LoginPageTest [TestNG-tests-1] Verified locked out error message
2025-06-14 21:15:26,648 INFO t.LoginPageTest [TestNG-tests-1] Test ended ... errorUserCheck
2025-06-14 21:15:29,442 INFO t.LoginPageTest [TestNG-tests-2] Starting test: errorUserCheck
2025-06-14 21:15:29,445 INFO t.LoginPageTest [TestNG-tests-2] LoginPage object created
2025-06-14 21:15:29,914 INFO t.LoginPageTest [TestNG-tests-2] Performed login with locked user credentials
2025-06-14 21:15:29,960 INFO t.LoginPageTest [TestNG-tests-2] Verified locked out error message
2025-06-14 21:15:29,960 INFO t.LoginPageTest [TestNG-tests-2] Test ended ... errorUserCheck
2025-06-14 21:15:31,063 INFO t.LoginPageTest [TestNG-tests-1] Starting test: incorrectCredentials
2025-06-14 21:15:31,063 INFO t.LoginPageTest [TestNG-tests-1] LoginPage object created
2025-06-14 21:15:31,484 INFO t.LoginPageTest [TestNG-tests-1] Performed login with incorrect credentials
2025-06-14 21:15:31,529 INFO t.LoginPageTest [TestNG-tests-1] Verified incorrect credentials error message
2025-06-14 21:15:31,529 INFO t.LoginPageTest [TestNG-tests-1] Test ended ... incorrectCredentials
2025-06-14 21:15:35,429 INFO t.LoginPageTest [TestNG-tests-2] Starting test: incorrectCredentials
2025-06-14 21:15:35,430 INFO t.LoginPageTest [TestNG-tests-2] LoginPage object created
2025-06-14 21:15:35,995 INFO t.LoginPageTest [TestNG-tests-1] Starting test : successLogin
2025-06-14 21:15:35,996 INFO t.LoginPageTest [TestNG-tests-1] Driver initialized successfully
2025-06-14 21:15:35,996 INFO t.LoginPageTest [TestNG-tests-1] Entering user credentials ....
2025-06-14 21:15:36,001 INFO t.LoginPageTest [TestNG-tests-2] Performed login with incorrect credentials
2025-06-14 21:15:36,034 INFO t.LoginPageTest [TestNG-tests-2] Verified incorrect credentials error message
2025-06-14 21:15:36,034 INFO t.LoginPageTest [TestNG-tests-2] Test ended ... incorrectCredentials
2025-06-14 21:15:36,454 INFO t.LoginPageTest [TestNG-tests-1] Clicking on Hamburger menu ...
2025-06-14 21:15:36,583 INFO t.LoginPageTest [TestNG-tests-1] Clicking on Logout button ...
2025-06-14 21:15:36,874 INFO t.LoginPageTest [TestNG-tests-1] Test ended ... successLogin
2025-06-14 21:15:40,883 INFO t.LoginPageTest [TestNG-tests-2] Starting test : successLogin
2025-06-14 21:15:40,884 INFO t.LoginPageTest [TestNG-tests-2] Driver initialized successfully
2025-06-14 21:15:40,884 INFO t.LoginPageTest [TestNG-tests-2] Entering user credentials ....
2025-06-14 21:15:41,362 INFO t.LoginPageTest [TestNG-tests-2] Clicking on Hamburger menu ...
2025-06-14 21:15:41,600 INFO t.LoginPageTest [TestNG-tests-2] Clicking on Logout button ...
2025-06-14 21:15:41,910 INFO t.LoginPageTest [TestNG-tests-2] Test ended ... successLogin
2025-06-15 10:39:14,494 INFO t.LoginPageTest [main] Starting test: emptyCredentials
2025-06-15 10:39:14,535 INFO t.LoginPageTest [main] LoginPage object created
2025-06-15 10:39:14,851 INFO t.LoginPageTest [main] Performed login without entering any credentials
2025-06-15 10:39:14,915 INFO t.LoginPageTest [main] Verified empty credentials error message
2025-06-15 10:39:14,917 INFO t.LoginPageTest [main] Test ended ... emptyCredentials
2025-06-15 10:39:19,532 INFO t.LoginPageTest [main] Starting test: errorUserCheck
2025-06-15 10:39:19,533 INFO t.LoginPageTest [main] LoginPage object created
2025-06-15 10:39:20,011 INFO t.LoginPageTest [main] Performed login with locked user credentials
2025-06-15 10:39:20,071 INFO t.LoginPageTest [main] Verified locked out error message
2025-06-15 10:39:20,072 INFO t.LoginPageTest [main] Test ended ... errorUserCheck
2025-06-15 10:39:24,664 INFO t.LoginPageTest [main] Starting test: incorrectCredentials
2025-06-15 10:39:24,666 INFO t.LoginPageTest [main] LoginPage object created
2025-06-15 10:39:25,117 INFO t.LoginPageTest [main] Performed login with incorrect credentials
2025-06-15 10:39:25,174 INFO t.LoginPageTest [main] Verified incorrect credentials error message
2025-06-15 10:39:25,174 INFO t.LoginPageTest [main] Test ended ... incorrectCredentials
2025-06-15 10:39:29,756 INFO t.LoginPageTest [main] Starting test : successLogin
2025-06-15 10:39:29,758 INFO t.LoginPageTest [main] Driver initialized successfully
2025-06-15 10:39:29,758 INFO t.LoginPageTest [main] Entering user credentials ....
2025-06-15 10:39:30,312 INFO t.LoginPageTest [main] Clicking on Hamburger menu ...
2025-06-15 10:39:30,446 INFO t.LoginPageTest [main] Clicking on Logout button ...
2025-06-15 10:39:30,760 INFO t.LoginPageTest [main] Test ended ... successLogin
2025-06-15 10:40:33,637 INFO t.LoginPageTest [TestNG-tests-1] Starting test: emptyCredentials
2025-06-15 10:40:33,670 INFO t.LoginPageTest [TestNG-tests-1] LoginPage object created
2025-06-15 10:40:33,964 INFO t.LoginPageTest [TestNG-tests-1] Performed login without entering any credentials
2025-06-15 10:40:34,023 INFO t.LoginPageTest [TestNG-tests-1] Verified empty credentials error message
2025-06-15 10:40:34,023 INFO t.LoginPageTest [TestNG-tests-1] Test ended ... emptyCredentials
2025-06-15 10:40:35,796 INFO t.LoginPageTest [TestNG-tests-2] Starting test: emptyCredentials
2025-06-15 10:40:35,797 INFO t.LoginPageTest [TestNG-tests-2] LoginPage object created
2025-06-15 10:40:36,178 INFO t.LoginPageTest [TestNG-tests-2] Performed login without entering any credentials
2025-06-15 10:40:36,210 INFO t.LoginPageTest [TestNG-tests-2] Verified empty credentials error message
2025-06-15 10:40:36,211 INFO t.LoginPageTest [TestNG-tests-2] Test ended ... emptyCredentials
2025-06-15 10:40:38,680 INFO t.LoginPageTest [TestNG-tests-1] Starting test: errorUserCheck
2025-06-15 10:40:38,682 INFO t.LoginPageTest [TestNG-tests-1] LoginPage object created
2025-06-15 10:40:39,210 INFO t.LoginPageTest [TestNG-tests-1] Performed login with locked user credentials
2025-06-15 10:40:39,276 INFO t.LoginPageTest [TestNG-tests-1] Verified locked out error message
2025-06-15 10:40:39,276 INFO t.LoginPageTest [TestNG-tests-1] Test ended ... errorUserCheck
2025-06-15 10:40:41,995 INFO t.LoginPageTest [TestNG-tests-2] Starting test: errorUserCheck
2025-06-15 10:40:41,996 INFO t.LoginPageTest [TestNG-tests-2] LoginPage object created
2025-06-15 10:40:42,446 INFO t.LoginPageTest [TestNG-tests-2] Performed login with locked user credentials
2025-06-15 10:40:42,476 INFO t.LoginPageTest [TestNG-tests-2] Verified locked out error message
2025-06-15 10:40:42,476 INFO t.LoginPageTest [TestNG-tests-2] Test ended ... errorUserCheck
2025-06-15 10:40:43,718 INFO t.LoginPageTest [TestNG-tests-1] Starting test: incorrectCredentials
2025-06-15 10:40:43,719 INFO t.LoginPageTest [TestNG-tests-1] LoginPage object created
2025-06-15 10:40:44,148 INFO t.LoginPageTest [TestNG-tests-1] Performed login with incorrect credentials
2025-06-15 10:40:44,194 INFO t.LoginPageTest [TestNG-tests-1] Verified incorrect credentials error message
2025-06-15 10:40:44,194 INFO t.LoginPageTest [TestNG-tests-1] Test ended ... incorrectCredentials
2025-06-15 10:40:47,601 INFO t.LoginPageTest [TestNG-tests-2] Starting test: incorrectCredentials
2025-06-15 10:40:47,602 INFO t.LoginPageTest [TestNG-tests-2] LoginPage object created
2025-06-15 10:40:48,381 INFO t.LoginPageTest [TestNG-tests-2] Performed login with incorrect credentials
2025-06-15 10:40:48,419 INFO t.LoginPageTest [TestNG-tests-2] Verified incorrect credentials error message
2025-06-15 10:40:48,419 INFO t.LoginPageTest [TestNG-tests-2] Test ended ... incorrectCredentials
2025-06-15 10:40:48,749 INFO t.LoginPageTest [TestNG-tests-1] Starting test : successLogin
2025-06-15 10:40:48,749 INFO t.LoginPageTest [TestNG-tests-1] Driver initialized successfully
2025-06-15 10:40:48,749 INFO t.LoginPageTest [TestNG-tests-1] Entering user credentials ....
2025-06-15 10:40:49,262 INFO t.LoginPageTest [TestNG-tests-1] Clicking on Hamburger menu ...
2025-06-15 10:40:49,376 INFO t.LoginPageTest [TestNG-tests-1] Clicking on Logout button ...
2025-06-15 10:40:49,624 INFO t.LoginPageTest [TestNG-tests-1] Test ended ... successLogin
2025-06-15 10:40:53,487 INFO t.LoginPageTest [TestNG-tests-2] Starting test : successLogin
2025-06-15 10:40:53,488 INFO t.LoginPageTest [TestNG-tests-2] Driver initialized successfully
2025-06-15 10:40:53,489 INFO t.LoginPageTest [TestNG-tests-2] Entering user credentials ....
2025-06-15 10:40:53,979 INFO t.LoginPageTest [TestNG-tests-2] Clicking on Hamburger menu ...
2025-06-15 10:40:54,227 INFO t.LoginPageTest [TestNG-tests-2] Clicking on Logout button ...
2025-06-15 10:40:54,528 INFO t.LoginPageTest [TestNG-tests-2] Test ended ... successLogin
2025-06-15 10:42:39,827 INFO t.LoginPageTest [TestNG-tests-1] Starting test: emptyCredentials
2025-06-15 10:42:39,857 INFO t.LoginPageTest [TestNG-tests-1] LoginPage object created
2025-06-15 10:42:40,135 INFO t.LoginPageTest [TestNG-tests-1] Performed login without entering any credentials
2025-06-15 10:42:40,206 INFO t.LoginPageTest [TestNG-tests-1] Verified empty credentials error message
2025-06-15 10:42:40,206 INFO t.LoginPageTest [TestNG-tests-1] Test ended ... emptyCredentials
2025-06-15 10:42:40,809 INFO t.LoginPageTest [TestNG-tests-2] Starting test: emptyCredentials
2025-06-15 10:42:40,810 INFO t.LoginPageTest [TestNG-tests-2] LoginPage object created
2025-06-15 10:42:41,143 INFO t.LoginPageTest [TestNG-tests-2] Performed login without entering any credentials
2025-06-15 10:42:41,180 INFO t.LoginPageTest [TestNG-tests-2] Verified empty credentials error message
2025-06-15 10:42:41,180 INFO t.LoginPageTest [TestNG-tests-2] Test ended ... emptyCredentials
2025-06-15 10:42:44,843 INFO t.LoginPageTest [TestNG-tests-1] Starting test: errorUserCheck
2025-06-15 10:42:44,844 INFO t.LoginPageTest [TestNG-tests-1] LoginPage object created
2025-06-15 10:42:45,237 INFO t.LoginPageTest [TestNG-tests-1] Performed login with locked user credentials
2025-06-15 10:42:45,289 INFO t.LoginPageTest [TestNG-tests-1] Verified locked out error message
2025-06-15 10:42:45,290 INFO t.LoginPageTest [TestNG-tests-1] Test ended ... errorUserCheck
2025-06-15 10:42:46,719 INFO t.LoginPageTest [TestNG-tests-2] Starting test: errorUserCheck
2025-06-15 10:42:46,720 INFO t.LoginPageTest [TestNG-tests-2] LoginPage object created
2025-06-15 10:42:47,214 INFO t.LoginPageTest [TestNG-tests-2] Performed login with locked user credentials
2025-06-15 10:42:47,241 INFO t.LoginPageTest [TestNG-tests-2] Verified locked out error message
2025-06-15 10:42:47,241 INFO t.LoginPageTest [TestNG-tests-2] Test ended ... errorUserCheck
2025-06-15 10:42:49,689 INFO t.LoginPageTest [TestNG-tests-1] Starting test: incorrectCredentials
2025-06-15 10:42:49,691 INFO t.LoginPageTest [TestNG-tests-1] LoginPage object created
2025-06-15 10:42:50,119 INFO t.LoginPageTest [TestNG-tests-1] Performed login with incorrect credentials
2025-06-15 10:42:50,166 INFO t.LoginPageTest [TestNG-tests-1] Verified incorrect credentials error message
2025-06-15 10:42:50,166 INFO t.LoginPageTest [TestNG-tests-1] Test ended ... incorrectCredentials
2025-06-15 10:42:52,882 INFO t.LoginPageTest [TestNG-tests-2] Starting test: incorrectCredentials
2025-06-15 10:42:52,883 INFO t.LoginPageTest [TestNG-tests-2] LoginPage object created
2025-06-15 10:42:53,363 INFO t.LoginPageTest [TestNG-tests-2] Performed login with incorrect credentials
2025-06-15 10:42:53,400 INFO t.LoginPageTest [TestNG-tests-2] Verified incorrect credentials error message
2025-06-15 10:42:53,401 INFO t.LoginPageTest [TestNG-tests-2] Test ended ... incorrectCredentials
2025-06-15 10:42:54,675 INFO t.LoginPageTest [TestNG-tests-1] Starting test : successLogin
2025-06-15 10:42:54,676 INFO t.LoginPageTest [TestNG-tests-1] Driver initialized successfully
2025-06-15 10:42:54,676 INFO t.LoginPageTest [TestNG-tests-1] Entering user credentials ....
2025-06-15 10:42:55,147 INFO t.LoginPageTest [TestNG-tests-1] Clicking on Hamburger menu ...
2025-06-15 10:42:55,245 INFO t.LoginPageTest [TestNG-tests-1] Clicking on Logout button ...
2025-06-15 10:42:55,470 INFO t.LoginPageTest [TestNG-tests-1] Test ended ... successLogin
2025-06-15 10:42:58,640 INFO t.LoginPageTest [TestNG-tests-2] Starting test : successLogin
2025-06-15 10:42:58,642 INFO t.LoginPageTest [TestNG-tests-2] Driver initialized successfully
2025-06-15 10:42:58,642 INFO t.LoginPageTest [TestNG-tests-2] Entering user credentials ....
2025-06-15 10:42:59,409 INFO t.LoginPageTest [TestNG-tests-2] Clicking on Hamburger menu ...
2025-06-15 10:42:59,704 INFO t.LoginPageTest [TestNG-tests-2] Clicking on Logout button ...
2025-06-15 10:43:00,034 INFO t.LoginPageTest [TestNG-tests-2] Test ended ... successLogin
2025-06-15 10:43:00,036 INFO t.LoginPageTest [TestNG-tests-1] Starting test: emptyCredentials
2025-06-15 10:43:00,037 INFO t.LoginPageTest [TestNG-tests-1] LoginPage object created
2025-06-15 10:43:00,249 INFO t.LoginPageTest [TestNG-tests-1] Performed login without entering any credentials
2025-06-15 10:43:00,291 INFO t.LoginPageTest [TestNG-tests-1] Verified empty credentials error message
2025-06-15 10:43:00,292 INFO t.LoginPageTest [TestNG-tests-1] Test ended ... emptyCredentials
2025-06-15 10:43:01,953 INFO t.LoginPageTest [TestNG-tests-1] Starting test: errorUserCheck
2025-06-15 10:43:01,954 INFO t.LoginPageTest [TestNG-tests-1] LoginPage object created
2025-06-15 10:43:02,282 INFO t.LoginPageTest [TestNG-tests-1] Performed login with locked user credentials
2025-06-15 10:43:02,323 INFO t.LoginPageTest [TestNG-tests-1] Verified locked out error message
2025-06-15 10:43:02,323 INFO t.LoginPageTest [TestNG-tests-1] Test ended ... errorUserCheck
2025-06-15 10:43:03,851 INFO t.LoginPageTest [TestNG-tests-1] Starting test: incorrectCredentials
2025-06-15 10:43:03,853 INFO t.LoginPageTest [TestNG-tests-1] LoginPage object created
2025-06-15 10:43:04,179 INFO t.LoginPageTest [TestNG-tests-1] Performed login with incorrect credentials
2025-06-15 10:43:04,223 INFO t.LoginPageTest [TestNG-tests-1] Verified incorrect credentials error message
2025-06-15 10:43:04,224 INFO t.LoginPageTest [TestNG-tests-1] Test ended ... incorrectCredentials
2025-06-15 10:43:05,647 INFO t.LoginPageTest [TestNG-tests-1] Starting test : successLogin
2025-06-15 10:43:05,649 INFO t.LoginPageTest [TestNG-tests-1] Driver initialized successfully
2025-06-15 10:43:05,649 INFO t.LoginPageTest [TestNG-tests-1] Entering user credentials ....
2025-06-15 10:43:06,027 INFO t.LoginPageTest [TestNG-tests-1] Clicking on Hamburger menu ...
2025-06-15 10:43:06,127 INFO t.LoginPageTest [TestNG-tests-1] Clicking on Logout button ...
2025-06-15 10:43:20,396 INFO t.LoginPageTest [TestNG-tests-1] Starting test : successLogin
2025-06-15 10:43:20,397 INFO t.LoginPageTest [TestNG-tests-1] Driver initialized successfully
2025-06-15 10:43:20,397 INFO t.LoginPageTest [TestNG-tests-1] Entering user credentials ....
2025-06-15 10:43:20,894 INFO t.LoginPageTest [TestNG-tests-1] Clicking on Hamburger menu ...
2025-06-15 10:43:21,028 INFO t.LoginPageTest [TestNG-tests-1] Clicking on Logout button ...
2025-06-15 10:46:48,151 INFO t.LoginPageTest [TestNG-tests-1] Starting test: incorrectCredentials
2025-06-15 10:46:48,210 INFO t.LoginPageTest [TestNG-tests-1] LoginPage object created
2025-06-15 10:46:48,233 INFO t.LoginPageTest [TestNG-tests-1] Starting test: incorrectCredentials
2025-06-15 10:46:48,234 INFO t.LoginPageTest [TestNG-tests-1] LoginPage object created
2025-06-15 10:47:51,542 INFO t.LoginPageTest [TestNG-tests-1] Starting test: incorrectCredentials
2025-06-15 10:47:51,600 INFO t.LoginPageTest [TestNG-tests-1] LoginPage object created
2025-06-15 10:47:51,621 INFO t.LoginPageTest [TestNG-tests-1] Starting test: incorrectCredentials
2025-06-15 10:47:51,622 INFO t.LoginPageTest [TestNG-tests-1] LoginPage object created
2025-06-15 10:52:16,463 INFO t.LoginPageTest [TestNG-tests-1] Starting test : successLogin
2025-06-15 10:52:16,494 INFO t.LoginPageTest [TestNG-tests-1] Driver initialized successfully
2025-06-15 10:52:16,495 INFO t.LoginPageTest [TestNG-tests-1] Entering user credentials ....
2025-06-15 10:52:17,014 INFO t.LoginPageTest [TestNG-tests-1] Clicking on Hamburger menu ...
2025-06-15 10:52:17,147 INFO t.LoginPageTest [TestNG-tests-1] Clicking on Logout button ...
2025-06-15 10:52:22,538 INFO t.LoginPageTest [TestNG-tests-1] Starting test : successLogin
2025-06-15 10:52:22,540 INFO t.LoginPageTest [TestNG-tests-1] Driver initialized successfully
2025-06-15 10:52:22,540 INFO t.LoginPageTest [TestNG-tests-1] Entering user credentials ....
2025-06-15 10:52:23,046 INFO t.LoginPageTest [TestNG-tests-1] Clicking on Hamburger menu ...
2025-06-15 10:52:23,172 INFO t.LoginPageTest [TestNG-tests-1] Clicking on Logout button ...
2025-06-15 10:53:05,283 INFO t.LoginPageTest [TestNG-tests-1] Starting test: incorrectCredentials
2025-06-15 10:53:05,336 INFO t.LoginPageTest [TestNG-tests-1] LoginPage object created
2025-06-15 10:53:05,357 INFO t.LoginPageTest [TestNG-tests-1] Starting test: incorrectCredentials
2025-06-15 10:53:05,359 INFO t.LoginPageTest [TestNG-tests-1] LoginPage object created
2025-06-15 12:25:02,367 INFO t.LoginPageTest [main] Starting test : successLogin
2025-06-15 12:25:02,400 INFO t.LoginPageTest [main] Driver initialized successfully
2025-06-15 12:25:02,401 INFO t.LoginPageTest [main] Entering user credentials ....
2025-06-15 12:25:35,556 INFO t.LoginPageTest [main] Starting test : successLogin
2025-06-15 12:25:35,565 INFO t.LoginPageTest [main] Driver initialized successfully
2025-06-15 12:25:35,565 INFO t.LoginPageTest [main] Entering user credentials ....
2025-06-15 12:26:36,386 INFO t.LoginPageTest [main] Starting test : successLogin
2025-06-15 12:26:36,425 INFO t.LoginPageTest [main] Driver initialized successfully
2025-06-15 12:26:36,426 INFO t.LoginPageTest [main] Entering user credentials ....
2025-06-15 12:27:47,397 INFO t.LoginPageTest [main] Starting test : successLogin
2025-06-15 12:27:47,429 INFO t.LoginPageTest [main] Driver initialized successfully
2025-06-15 12:27:47,429 INFO t.LoginPageTest [main] Entering user credentials ....
2025-06-15 12:29:04,618 INFO t.LoginPageTest [main] Starting test : successLogin
2025-06-15 12:29:04,653 INFO t.LoginPageTest [main] Driver initialized successfully
2025-06-15 12:29:04,653 INFO t.LoginPageTest [main] Entering user credentials ....
2025-06-15 12:30:25,226 INFO t.LoginPageTest [main] Starting test : successLogin
2025-06-15 12:30:25,254 INFO t.LoginPageTest [main] Driver initialized successfully
2025-06-15 12:30:25,256 INFO t.LoginPageTest [main] Entering user credentials ....
2025-06-15 12:33:44,030 INFO t.LoginPageTest [main] Starting test : successLogin
2025-06-15 12:33:44,062 INFO t.LoginPageTest [main] Driver initialized successfully
2025-06-15 12:33:44,062 INFO t.LoginPageTest [main] Entering user credentials ....
2025-06-15 12:33:46,057 INFO t.LoginPageTest [main] Clicking on Product Link ....
2025-06-15 12:33:46,399 INFO t.LoginPageTest [main] Clicking on Add To Cart Button ....
2025-06-15 12:33:48,030 INFO t.LoginPageTest [main] Clicking on Cart Icon ....
2025-06-15 12:35:34,702 INFO t.LoginPageTest [TestNG-tests-1] Starting test : successLogin
2025-06-15 12:35:34,732 INFO t.LoginPageTest [TestNG-tests-1] Driver initialized successfully
2025-06-15 12:35:34,733 INFO t.LoginPageTest [TestNG-tests-1] Entering user credentials ....
2025-06-15 12:35:35,221 INFO t.LoginPageTest [TestNG-tests-1] Clicking on Product Link ....
2025-06-15 12:35:35,444 INFO t.LoginPageTest [TestNG-tests-1] Clicking on Add To Cart Button ....
2025-06-15 12:35:35,584 INFO t.LoginPageTest [TestNG-tests-1] Clicking on Cart Icon ....
2025-06-15 13:17:35,658 INFO t.LoginPageTest [main] Starting test : successLogin
2025-06-15 13:17:35,690 INFO t.LoginPageTest [main] Driver initialized successfully
2025-06-15 13:17:35,690 INFO t.LoginPageTest [main] Entering user credentials ....
2025-06-15 13:17:36,219 INFO t.LoginPageTest [main] Clicking on Product Link ....
2025-06-15 13:17:36,459 INFO t.LoginPageTest [main] Clicking on Add To Cart Button ....
2025-06-15 13:17:36,606 INFO t.LoginPageTest [main] Clicking on Cart Icon ....
2025-06-15 13:17:36,895 INFO t.LoginPageTest [main] Entering FirstName ....
2025-06-15 13:28:02,166 INFO t.LoginPageTest [main] Starting test : successLogin
2025-06-15 13:28:02,195 INFO t.LoginPageTest [main] Driver initialized successfully
2025-06-15 13:28:02,195 INFO t.LoginPageTest [main] Entering user credentials ....
2025-06-15 13:28:02,682 INFO t.LoginPageTest [main] Clicking on Product Link ....
2025-06-15 13:28:02,886 INFO t.LoginPageTest [main] Clicking on Add To Cart Button ....
2025-06-15 13:28:03,059 INFO t.LoginPageTest [main] Clicking on Cart Icon ....
2025-06-15 13:28:34,652 INFO t.LoginPageTest [main] Starting test : successLogin
2025-06-15 13:28:34,683 INFO t.LoginPageTest [main] Driver initialized successfully
2025-06-15 13:28:34,684 INFO t.LoginPageTest [main] Entering user credentials ....
2025-06-15 13:28:35,180 INFO t.LoginPageTest [main] Clicking on Product Link ....
2025-06-15 13:28:35,424 INFO t.LoginPageTest [main] Clicking on Add To Cart Button ....
2025-06-15 13:28:35,568 INFO t.LoginPageTest [main] Clicking on Cart Icon ....
2025-06-15 13:29:52,969 INFO t.LoginPageTest [main] Starting test : successLogin
2025-06-15 13:29:53,001 INFO t.LoginPageTest [main] Driver initialized successfully
2025-06-15 13:29:53,001 INFO t.LoginPageTest [main] Entering user credentials ....
2025-06-15 13:29:53,541 INFO t.LoginPageTest [main] Clicking on Product Link ....
2025-06-15 13:29:53,764 INFO t.LoginPageTest [main] Clicking on Add To Cart Button ....
2025-06-15 13:29:53,894 INFO t.LoginPageTest [main] Clicking on Cart Icon ....
2025-06-15 13:29:54,977 INFO t.LoginPageTest [main] Entering FirstName ....
2025-06-15 13:29:55,087 INFO t.LoginPageTest [main] Entering LastName ....
2025-06-15 13:29:55,188 INFO t.LoginPageTest [main] Entering ZipCode ....
2025-06-15 13:32:15,139 INFO t.LoginPageTest [main] Starting test : successLogin
2025-06-15 13:32:15,174 INFO t.LoginPageTest [main] Driver initialized successfully
2025-06-15 13:32:15,175 INFO t.LoginPageTest [main] Entering user credentials ....
2025-06-15 13:32:25,257 INFO t.LoginPageTest [main] Starting test : successLogin
2025-06-15 13:32:25,290 INFO t.LoginPageTest [main] Driver initialized successfully
2025-06-15 13:32:25,290 INFO t.LoginPageTest [main] Entering user credentials ....
2025-06-15 13:32:25,804 INFO t.LoginPageTest [main] Clicking on Product Link ....
2025-06-15 13:32:26,023 INFO t.LoginPageTest [main] Clicking on Add To Cart Button ....
2025-06-15 13:32:26,175 INFO t.LoginPageTest [main] Clicking on Cart Icon ....
2025-06-15 13:32:27,065 INFO t.LoginPageTest [main] Entering FirstName ....
2025-06-15 13:32:27,184 INFO t.LoginPageTest [main] Entering LastName ....
2025-06-15 13:32:27,286 INFO t.LoginPageTest [main] Entering ZipCode ....
2025-06-16 13:59:30,898 INFO t.LoginPageTest [main] Starting test : successLogin
2025-06-16 13:59:30,922 INFO t.LoginPageTest [main] Driver initialized successfully
2025-06-16 13:59:30,922 INFO t.LoginPageTest [main] Entering user credentials ....
2025-06-16 14:01:00,197 INFO t.LoginPageTest [main] Starting test : successLogin
2025-06-16 14:01:00,220 INFO t.LoginPageTest [main] Driver initialized successfully
2025-06-16 14:01:00,220 INFO t.LoginPageTest [main] Entering user credentials ....
2025-06-16 14:02:17,137 INFO t.LoginPageTest [main] Starting test : successLogin
2025-06-16 14:02:17,164 INFO t.LoginPageTest [main] Driver initialized successfully
2025-06-16 14:02:17,164 INFO t.LoginPageTest [main] Entering user credentials ....
2025-06-16 14:02:19,779 INFO t.LoginPageTest [main] Clicking on Product Link ....
2025-06-16 14:02:19,935 INFO t.LoginPageTest [main] Clicking on Add To Cart Button ....
2025-06-16 14:06:32,546 INFO t.LoginPageTest [main] Starting test : successLogin
2025-06-16 14:06:32,568 INFO t.LoginPageTest [main] Driver initialized successfully
2025-06-16 14:06:32,568 INFO t.LoginPageTest [main] Entering user credentials ....
2025-06-16 14:06:36,216 INFO t.LoginPageTest [main] Clicking on Product Link ....
2025-06-16 14:06:36,337 INFO t.LoginPageTest [main] Clicking on Add To Cart Button ....
2025-06-16 14:06:37,525 INFO t.LoginPageTest [main] Clicking on Cart Icon ....
2025-06-16 14:06:39,298 INFO t.LoginPageTest [main] Entering FirstName ....
2025-06-16 14:06:40,476 INFO t.LoginPageTest [main] Entering LastName ....
2025-06-16 14:06:41,666 INFO t.LoginPageTest [main] Entering ZipCode ....
2025-06-16 14:13:54,002 INFO t.LoginPageTest [TestNG-tests-1] Starting test : successLogin
2025-06-16 14:13:54,020 INFO t.LoginPageTest [TestNG-tests-1] Driver initialized successfully
2025-06-16 14:13:54,020 INFO t.LoginPageTest [TestNG-tests-1] Entering user credentials ....
2025-06-16 14:13:57,627 INFO t.LoginPageTest [TestNG-tests-1] Clicking on Product Link ....
2025-06-16 14:13:57,750 INFO t.LoginPageTest [TestNG-tests-1] Clicking on Add To Cart Button ....
2025-06-16 14:13:58,943 INFO t.LoginPageTest [TestNG-tests-1] Clicking on Cart Icon ....
2025-06-16 14:14:00,616 INFO t.LoginPageTest [TestNG-tests-1] Entering FirstName ....
2025-06-16 14:14:01,801 INFO t.LoginPageTest [TestNG-tests-1] Entering LastName ....
2025-06-16 14:14:02,994 INFO t.LoginPageTest [TestNG-tests-1] Entering ZipCode ....
2025-06-16 14:17:54,494 INFO t.LoginPageTest [TestNG-tests-1] Starting test : successLogin
2025-06-16 14:17:54,514 INFO t.LoginPageTest [TestNG-tests-1] Driver initialized successfully
2025-06-16 14:17:54,515 INFO t.LoginPageTest [TestNG-tests-1] Entering user credentials ....
2025-06-16 14:17:58,189 INFO t.LoginPageTest [TestNG-tests-1] Clicking on Product Link ....
2025-06-16 14:17:58,472 INFO t.LoginPageTest [TestNG-tests-1] Clicking on Add To Cart Button ....
2025-06-16 14:17:59,612 INFO t.LoginPageTest [TestNG-tests-1] Clicking on Cart Icon ....
2025-06-16 14:18:01,402 INFO t.LoginPageTest [TestNG-tests-1] Entering FirstName ....
2025-06-16 14:18:02,563 INFO t.LoginPageTest [TestNG-tests-1] Entering LastName ....
2025-06-16 14:18:03,716 INFO t.LoginPageTest [TestNG-tests-1] Entering ZipCode ....
2025-06-16 14:18:23,059 INFO t.LoginPageTest [TestNG-tests-1] Starting test : successLogin
2025-06-16 14:18:23,080 INFO t.LoginPageTest [TestNG-tests-1] Driver initialized successfully
2025-06-16 14:18:23,081 INFO t.LoginPageTest [TestNG-tests-1] Entering user credentials ....
2025-06-16 14:18:26,796 INFO t.LoginPageTest [TestNG-tests-1] Clicking on Product Link ....
2025-06-16 14:18:26,916 INFO t.LoginPageTest [TestNG-tests-1] Clicking on Add To Cart Button ....
2025-06-16 14:18:28,125 INFO t.LoginPageTest [TestNG-tests-1] Clicking on Cart Icon ....
2025-06-16 14:18:29,835 INFO t.LoginPageTest [TestNG-tests-1] Entering FirstName ....
2025-06-16 14:18:31,045 INFO t.LoginPageTest [TestNG-tests-1] Entering LastName ....
2025-06-16 14:18:32,236 INFO t.LoginPageTest [TestNG-tests-1] Entering ZipCode ....
2025-06-16 14:19:51,336 INFO t.LoginPageTest [TestNG-tests-1] Starting test : successLogin
2025-06-16 14:19:51,361 INFO t.LoginPageTest [TestNG-tests-1] Driver initialized successfully
2025-06-16 14:19:51,362 INFO t.LoginPageTest [TestNG-tests-1] Entering user credentials ....
2025-06-16 14:19:55,090 INFO t.LoginPageTest [TestNG-tests-1] Clicking on Product Link ....
2025-06-16 14:19:55,401 INFO t.LoginPageTest [TestNG-tests-1] Clicking on Add To Cart Button ....
2025-06-16 14:19:56,570 INFO t.LoginPageTest [TestNG-tests-1] Clicking on Cart Icon ....
2025-06-16 14:19:58,518 INFO t.LoginPageTest [TestNG-tests-1] Entering FirstName ....
2025-06-16 14:19:59,734 INFO t.LoginPageTest [TestNG-tests-1] Entering LastName ....
2025-06-16 14:20:00,907 INFO t.LoginPageTest [TestNG-tests-1] Entering ZipCode ....
2025-06-16 17:03:13,249 INFO t.LoginPageTest [main] Starting test : successLogin
2025-06-16 17:03:13,277 INFO t.LoginPageTest [main] Driver initialized successfully
2025-06-16 17:03:13,277 INFO t.LoginPageTest [main] Entering user credentials ....
2025-06-16 17:03:16,995 INFO t.LoginPageTest [main] Clicking on Hamburger menu ...
2025-06-16 17:03:17,069 INFO t.LoginPageTest [main] Clicking on Logout button ...
2025-06-16 17:03:21,554 INFO t.LoginPageTest [main] Starting test : successLogin
2025-06-16 17:03:21,556 INFO t.LoginPageTest [main] Driver initialized successfully
2025-06-16 17:03:21,556 INFO t.LoginPageTest [main] Entering user credentials ....
2025-06-16 17:03:25,192 INFO t.LoginPageTest [main] Clicking on Hamburger menu ...
2025-06-16 17:03:25,264 INFO t.LoginPageTest [main] Clicking on Logout button ...
2025-06-16 17:17:18,933 INFO t.LoginPageTest [main] Starting test : successLogin
2025-06-16 17:17:18,957 INFO t.LoginPageTest [main] Driver initialized successfully
2025-06-16 17:17:18,958 INFO t.LoginPageTest [main] Entering user credentials ....
2025-06-16 17:17:23,769 INFO t.LoginPageTest [main] Clicking on Hamburger menu ...
2025-06-16 17:17:23,832 INFO t.LoginPageTest [main] Clicking on Logout button ...
2025-06-16 17:17:24,024 INFO t.LoginPageTest [main] Test ended ... successLogin
2025-06-16 17:17:28,218 INFO t.LoginPageTest [main] Starting test : successLogin
2025-06-16 17:17:28,219 INFO t.LoginPageTest [main] Driver initialized successfully
2025-06-16 17:17:28,219 INFO t.LoginPageTest [main] Entering user credentials ....
2025-06-16 17:17:33,038 INFO t.LoginPageTest [main] Clicking on Hamburger menu ...
2025-06-16 17:17:33,116 INFO t.LoginPageTest [main] Clicking on Logout button ...
2025-06-16 17:17:33,324 INFO t.LoginPageTest [main] Test ended ... successLogin
2025-06-16 17:17:37,465 INFO t.LoginPageTest [main] Starting test : successLogin
2025-06-16 17:17:37,465 INFO t.LoginPageTest [main] Driver initialized successfully
2025-06-16 17:17:37,465 INFO t.LoginPageTest [main] Entering user credentials ....
2025-06-16 17:17:42,266 INFO t.LoginPageTest [main] Clicking on Hamburger menu ...
2025-06-16 17:17:42,331 INFO t.LoginPageTest [main] Clicking on Logout button ...
2025-06-16 17:17:42,525 INFO t.LoginPageTest [main] Test ended ... successLogin
2025-06-16 17:17:46,649 INFO t.LoginPageTest [main] Starting test : successLogin
2025-06-16 17:17:46,649 INFO t.LoginPageTest [main] Driver initialized successfully
2025-06-16 17:17:46,649 INFO t.LoginPageTest [main] Entering user credentials ....
2025-06-16 17:17:56,458 INFO t.LoginPageTest [main] Clicking on Hamburger menu ...
2025-06-16 17:17:56,525 INFO t.LoginPageTest [main] Clicking on Logout button ...
2025-06-16 17:17:56,713 INFO t.LoginPageTest [main] Test ended ... successLogin
2025-06-16 17:18:00,865 INFO t.LoginPageTest [main] Starting test : successLogin
2025-06-16 17:18:00,866 INFO t.LoginPageTest [main] Driver initialized successfully
2025-06-16 17:18:00,866 INFO t.LoginPageTest [main] Entering user credentials ....
2025-06-16 17:18:05,651 INFO t.LoginPageTest [main] Clicking on Hamburger menu ...
2025-06-16 17:18:05,707 INFO t.LoginPageTest [main] Clicking on Logout button ...
2025-06-16 17:18:05,893 INFO t.LoginPageTest [main] Test ended ... successLogin
2025-06-16 17:20:49,860 INFO t.LoginPageTest [main] Starting test : successLogin
2025-06-16 17:20:49,883 INFO t.LoginPageTest [main] Driver initialized successfully
2025-06-16 17:20:49,883 INFO t.LoginPageTest [main] Entering user credentials ....
2025-06-16 17:20:53,502 INFO t.LoginPageTest [main] Clicking on Hamburger menu ...
2025-06-16 17:20:53,735 INFO t.LoginPageTest [main] Clicking on Logout button ...
2025-06-16 17:20:54,015 INFO t.LoginPageTest [main] Test ended ... successLogin
2025-06-16 17:20:58,089 INFO t.LoginPageTest [main] Starting test : successLogin
2025-06-16 17:20:58,090 INFO t.LoginPageTest [main] Driver initialized successfully
2025-06-16 17:20:58,090 INFO t.LoginPageTest [main] Entering user credentials ....
2025-06-16 17:21:01,694 INFO t.LoginPageTest [main] Clicking on Hamburger menu ...
2025-06-16 17:21:01,919 INFO t.LoginPageTest [main] Clicking on Logout button ...
2025-06-16 17:21:02,202 INFO t.LoginPageTest [main] Test ended ... successLogin
2025-06-16 17:21:06,356 INFO t.LoginPageTest [main] Starting test : successLogin
2025-06-16 17:21:06,357 INFO t.LoginPageTest [main] Driver initialized successfully
2025-06-16 17:21:06,357 INFO t.LoginPageTest [main] Entering user credentials ....
2025-06-16 17:21:24,408 INFO t.LoginPageTest [main] Starting test : successLogin
2025-06-16 17:21:24,408 INFO t.LoginPageTest [main] Driver initialized successfully
2025-06-16 17:21:24,408 INFO t.LoginPageTest [main] Entering user credentials ....
2025-06-16 17:21:41,886 INFO t.LoginPageTest [main] Starting test : successLogin
2025-06-16 17:21:41,887 INFO t.LoginPageTest [main] Driver initialized successfully
2025-06-16 17:21:41,887 INFO t.LoginPageTest [main] Entering user credentials ....
2025-06-16 17:21:45,544 INFO t.LoginPageTest [main] Clicking on Hamburger menu ...
2025-06-16 17:21:45,770 INFO t.LoginPageTest [main] Clicking on Logout button ...
2025-06-16 17:21:46,036 INFO t.LoginPageTest [main] Test ended ... successLogin
2025-06-16 17:21:49,890 INFO t.LoginPageTest [main] Starting test : successLogin
2025-06-16 17:21:49,891 INFO t.LoginPageTest [main] Driver initialized successfully
2025-06-16 17:21:49,891 INFO t.LoginPageTest [main] Entering user credentials ....
2025-06-16 17:21:58,423 INFO t.LoginPageTest [main] Clicking on Hamburger menu ...
2025-06-16 17:21:58,649 INFO t.LoginPageTest [main] Clicking on Logout button ...
2025-06-16 17:21:58,920 INFO t.LoginPageTest [main] Test ended ... successLogin
2025-06-16 17:22:02,740 INFO t.LoginPageTest [main] Starting test : successLogin
2025-06-16 17:22:02,741 INFO t.LoginPageTest [main] Driver initialized successfully
2025-06-16 17:22:02,741 INFO t.LoginPageTest [main] Entering user credentials ....
2025-06-16 17:22:06,374 INFO t.LoginPageTest [main] Clicking on Hamburger menu ...
2025-06-16 17:22:06,598 INFO t.LoginPageTest [main] Clicking on Logout button ...
2025-06-16 17:22:06,867 INFO t.LoginPageTest [main] Test ended ... successLogin
2025-06-16 17:29:05,528 INFO t.LoginPageTest [main] Starting test : successLogin
2025-06-16 17:29:05,556 INFO t.LoginPageTest [main] Driver initialized successfully
2025-06-16 17:29:05,557 INFO t.LoginPageTest [main] Entering credentials ....
2025-06-16 17:29:08,042 INFO t.LoginPageTest [main] Clicking Login ....
2025-06-16 17:29:13,417 INFO t.LoginPageTest [main] Starting test : successLogin
2025-06-16 17:29:13,418 INFO t.LoginPageTest [main] Driver initialized successfully
2025-06-16 17:29:13,419 INFO t.LoginPageTest [main] Entering credentials ....
2025-06-16 17:29:15,814 INFO t.LoginPageTest [main] Clicking Login ....
2025-06-16 17:29:43,630 INFO t.LoginPageTest [main] Starting test : successLogin
2025-06-16 17:29:43,667 INFO t.LoginPageTest [main] Driver initialized successfully
2025-06-16 17:29:43,668 INFO t.LoginPageTest [main] Entering credentials ....
2025-06-16 17:29:46,111 INFO t.LoginPageTest [main] Clicking Login ....
2025-06-16 17:29:47,365 INFO t.LoginPageTest [main] Clicking on Hamburger menu ...
2025-06-16 17:29:47,432 INFO t.LoginPageTest [main] Clicking on Logout button ...
2025-06-16 17:29:47,624 INFO t.LoginPageTest [main] Test ended ... successLogin
2025-06-16 17:29:51,849 INFO t.LoginPageTest [main] Starting test : successLogin
2025-06-16 17:29:51,850 INFO t.LoginPageTest [main] Driver initialized successfully
2025-06-16 17:29:51,851 INFO t.LoginPageTest [main] Entering credentials ....
2025-06-16 17:29:54,270 INFO t.LoginPageTest [main] Clicking Login ....
2025-06-16 17:29:55,509 INFO t.LoginPageTest [main] Clicking on Hamburger menu ...
2025-06-16 17:29:55,580 INFO t.LoginPageTest [main] Clicking on Logout button ...
2025-06-16 17:29:55,762 INFO t.LoginPageTest [main] Test ended ... successLogin
2025-06-16 17:29:59,996 INFO t.LoginPageTest [main] Starting test : successLogin
2025-06-16 17:29:59,997 INFO t.LoginPageTest [main] Driver initialized successfully
2025-06-16 17:29:59,997 INFO t.LoginPageTest [main] Entering credentials ....
2025-06-16 17:30:02,372 INFO t.LoginPageTest [main] Clicking Login ....
2025-06-16 17:30:17,974 INFO t.LoginPageTest [main] Starting test : successLogin
2025-06-16 17:30:17,982 INFO t.LoginPageTest [main] Driver initialized successfully
2025-06-16 17:30:17,982 INFO t.LoginPageTest [main] Entering credentials ....
2025-06-16 17:30:20,356 INFO t.LoginPageTest [main] Clicking Login ....
2025-06-16 17:30:21,629 INFO t.LoginPageTest [main] Clicking on Hamburger menu ...
2025-06-16 17:30:21,697 INFO t.LoginPageTest [main] Clicking on Logout button ...
2025-06-16 17:30:21,871 INFO t.LoginPageTest [main] Test ended ... successLogin
2025-06-16 17:30:26,082 INFO t.LoginPageTest [main] Starting test : successLogin
2025-06-16 17:30:26,085 INFO t.LoginPageTest [main] Driver initialized successfully
2025-06-16 17:30:26,085 INFO t.LoginPageTest [main] Entering credentials ....
2025-06-16 17:30:28,481 INFO t.LoginPageTest [main] Clicking Login ....
2025-06-16 17:30:34,711 INFO t.LoginPageTest [main] Clicking on Hamburger menu ...
2025-06-16 17:30:34,780 INFO t.LoginPageTest [main] Clicking on Logout button ...
2025-06-16 17:30:34,979 INFO t.LoginPageTest [main] Test ended ... successLogin
2025-06-16 17:30:39,046 INFO t.LoginPageTest [main] Starting test : successLogin
2025-06-16 17:30:39,047 INFO t.LoginPageTest [main] Driver initialized successfully
2025-06-16 17:30:39,048 INFO t.LoginPageTest [main] Entering credentials ....
2025-06-16 17:30:41,433 INFO t.LoginPageTest [main] Clicking Login ....
2025-06-16 17:30:42,657 INFO t.LoginPageTest [main] Clicking on Hamburger menu ...
2025-06-16 17:30:42,722 INFO t.LoginPageTest [main] Clicking on Logout button ...
2025-06-16 17:30:42,915 INFO t.LoginPageTest [main] Test ended ... successLogin
2025-06-16 17:36:39,344 INFO t.LoginPageTest [main] Starting test : successLogin
2025-06-16 17:36:39,377 INFO t.LoginPageTest [main] Driver initialized successfully
2025-06-16 17:36:39,377 INFO t.LoginPageTest [main] Entering credentials ....
2025-06-16 17:36:41,828 INFO t.LoginPageTest [main] Clicking Login ....
2025-06-16 17:36:57,234 INFO t.LoginPageTest [main] Starting test : successLogin
2025-06-16 17:36:57,236 INFO t.LoginPageTest [main] Driver initialized successfully
2025-06-16 17:36:57,237 INFO t.LoginPageTest [main] Entering credentials ....
2025-06-16 17:36:59,678 INFO t.LoginPageTest [main] Clicking Login ....
2025-06-16 17:39:54,766 INFO t.LoginPageTest [main] Starting test : successLogin
2025-06-16 17:39:54,788 INFO t.LoginPageTest [main] Driver initialized successfully
2025-06-16 17:39:54,788 INFO t.LoginPageTest [main] Entering credentials ....
2025-06-16 17:39:57,273 INFO t.LoginPageTest [main] Clicking Login ....
2025-06-16 17:40:12,673 INFO t.LoginPageTest [main] Starting test : successLogin
2025-06-16 17:40:12,674 INFO t.LoginPageTest [main] Driver initialized successfully
2025-06-16 17:40:12,674 INFO t.LoginPageTest [main] Entering credentials ....
2025-06-16 17:44:20,987 INFO t.LoginPageTest [main] Starting test : successLogin
2025-06-16 17:44:21,027 INFO t.LoginPageTest [main] Driver initialized successfully
2025-06-16 17:44:21,027 INFO t.LoginPageTest [main] Entering credentials ....
2025-06-16 17:44:23,527 INFO t.LoginPageTest [main] Clicking Login ....
2025-06-16 17:54:22,190 INFO t.LoginPageTest [main] Starting test : successLogin
2025-06-16 17:54:22,232 INFO t.LoginPageTest [main] Driver initialized successfully
2025-06-16 17:54:22,232 INFO t.LoginPageTest [main] Entering credentials ....
2025-06-16 17:54:24,853 INFO t.LoginPageTest [main] Clicking Login ....
2025-06-16 17:54:29,149 INFO t.LoginPageTest [main] Clicking on Hamburger menu ...
2025-06-16 17:54:29,276 INFO t.LoginPageTest [main] Clicking on Logout button ...
2025-06-16 17:54:29,618 INFO t.LoginPageTest [main] Test ended ... successLogin
2025-06-16 17:54:34,525 INFO t.LoginPageTest [main] Starting test : successLogin
2025-06-16 17:54:34,527 INFO t.LoginPageTest [main] Driver initialized successfully
2025-06-16 17:54:34,527 INFO t.LoginPageTest [main] Entering credentials ....
2025-06-16 17:54:37,099 INFO t.LoginPageTest [main] Clicking Login ....
2025-06-16 17:54:41,397 INFO t.LoginPageTest [main] Clicking on Hamburger menu ...
2025-06-16 17:54:41,559 INFO t.LoginPageTest [main] Clicking on Logout button ...
2025-06-16 17:54:41,898 INFO t.LoginPageTest [main] Test ended ... successLogin
2025-06-16 17:54:46,725 INFO t.LoginPageTest [main] Starting test : successLogin
2025-06-16 17:54:46,727 INFO t.LoginPageTest [main] Driver initialized successfully
2025-06-16 17:54:46,727 INFO t.LoginPageTest [main] Entering credentials ....
2025-06-16 17:54:49,329 INFO t.LoginPageTest [main] Clicking Login ....
2025-06-16 17:54:58,719 INFO t.LoginPageTest [main] Starting test : successLogin
2025-06-16 17:54:58,721 INFO t.LoginPageTest [main] Driver initialized successfully
2025-06-16 17:54:58,721 INFO t.LoginPageTest [main] Entering credentials ....
2025-06-16 17:55:01,317 INFO t.LoginPageTest [main] Clicking Login ....
2025-06-16 17:55:05,594 INFO t.LoginPageTest [main] Clicking on Hamburger menu ...
2025-06-16 17:55:05,726 INFO t.LoginPageTest [main] Clicking on Logout button ...
2025-06-16 17:55:06,035 INFO t.LoginPageTest [main] Test ended ... successLogin
2025-06-16 17:55:10,787 INFO t.LoginPageTest [main] Starting test : successLogin
2025-06-16 17:55:10,789 INFO t.LoginPageTest [main] Driver initialized successfully
2025-06-16 17:55:10,789 INFO t.LoginPageTest [main] Entering credentials ....
2025-06-16 17:55:13,392 INFO t.LoginPageTest [main] Clicking Login ....
2025-06-16 17:55:22,671 INFO t.LoginPageTest [main] Clicking on Hamburger menu ...
2025-06-16 17:55:22,793 INFO t.LoginPageTest [main] Clicking on Logout button ...
2025-06-16 17:55:23,127 INFO t.LoginPageTest [main] Test ended ... successLogin
2025-06-16 17:55:27,902 INFO t.LoginPageTest [main] Starting test : successLogin
2025-06-16 17:55:27,904 INFO t.LoginPageTest [main] Driver initialized successfully
2025-06-16 17:55:27,904 INFO t.LoginPageTest [main] Entering credentials ....
2025-06-16 17:55:30,462 INFO t.LoginPageTest [main] Clicking Login ....
2025-06-16 17:55:34,750 INFO t.LoginPageTest [main] Clicking on Hamburger menu ...
2025-06-16 17:55:34,872 INFO t.LoginPageTest [main] Clicking on Logout button ...
2025-06-16 17:55:35,216 INFO t.LoginPageTest [main] Test ended ... successLogin
2025-06-16 17:56:55,232 INFO t.LoginPageTest [main] Starting test : successLogin
2025-06-16 17:56:55,262 INFO t.LoginPageTest [main] Driver initialized successfully
2025-06-16 17:56:55,262 INFO t.LoginPageTest [main] Entering credentials ....
2025-06-16 17:56:59,154 INFO t.LoginPageTest [main] Clicking on Hamburger menu ...
2025-06-16 17:56:59,293 INFO t.LoginPageTest [main] Clicking on Logout button ...
2025-06-16 17:56:59,596 INFO t.LoginPageTest [main] Test ended ... successLogin
2025-06-16 17:57:04,427 INFO t.LoginPageTest [main] Starting test : successLogin
2025-06-16 17:57:04,429 INFO t.LoginPageTest [main] Driver initialized successfully
2025-06-16 17:57:04,429 INFO t.LoginPageTest [main] Entering credentials ....
2025-06-16 17:57:08,302 INFO t.LoginPageTest [main] Clicking on Hamburger menu ...
2025-06-16 17:57:08,470 INFO t.LoginPageTest [main] Clicking on Logout button ...
2025-06-16 17:57:08,767 INFO t.LoginPageTest [main] Test ended ... successLogin
2025-06-16 17:57:13,580 INFO t.LoginPageTest [main] Starting test : successLogin
2025-06-16 17:57:13,580 INFO t.LoginPageTest [main] Driver initialized successfully
2025-06-16 17:57:13,580 INFO t.LoginPageTest [main] Entering credentials ....
2025-06-16 17:57:22,350 INFO t.LoginPageTest [main] Starting test : successLogin
2025-06-16 17:57:22,353 INFO t.LoginPageTest [main] Driver initialized successfully
2025-06-16 17:57:22,353 INFO t.LoginPageTest [main] Entering credentials ....
2025-06-16 17:57:26,204 INFO t.LoginPageTest [main] Clicking on Hamburger menu ...
2025-06-16 17:57:26,339 INFO t.LoginPageTest [main] Clicking on Logout button ...
2025-06-16 17:57:26,633 INFO t.LoginPageTest [main] Test ended ... successLogin
2025-06-16 17:57:31,373 INFO t.LoginPageTest [main] Starting test : successLogin
2025-06-16 17:57:31,375 INFO t.LoginPageTest [main] Driver initialized successfully
2025-06-16 17:57:31,375 INFO t.LoginPageTest [main] Entering credentials ....
2025-06-16 17:57:40,303 INFO t.LoginPageTest [main] Clicking on Hamburger menu ...
2025-06-16 17:57:40,423 INFO t.LoginPageTest [main] Clicking on Logout button ...
2025-06-16 17:57:40,700 INFO t.LoginPageTest [main] Test ended ... successLogin
2025-06-16 17:57:45,762 INFO t.LoginPageTest [main] Starting test : successLogin
2025-06-16 17:57:45,763 INFO t.LoginPageTest [main] Driver initialized successfully
2025-06-16 17:57:45,763 INFO t.LoginPageTest [main] Entering credentials ....
2025-06-16 17:57:49,627 INFO t.LoginPageTest [main] Clicking on Hamburger menu ...
2025-06-16 17:57:49,769 INFO t.LoginPageTest [main] Clicking on Logout button ...
2025-06-16 17:57:50,058 INFO t.LoginPageTest [main] Test ended ... successLogin
2025-06-16 19:41:17,340 INFO t.LoginPageTest [main] Starting test : successLogin
2025-06-16 19:41:17,372 INFO t.LoginPageTest [main] Driver initialized successfully
2025-06-16 19:41:17,372 INFO t.LoginPageTest [main] Entering user credentials ....
2025-06-16 19:41:21,239 INFO t.LoginPageTest [main] Clicking on Any Random Product ....
2025-06-16 19:42:41,119 INFO t.LoginPageTest [main] Starting test : successLogin
2025-06-16 19:42:41,156 INFO t.LoginPageTest [main] Driver initialized successfully
2025-06-16 19:42:41,156 INFO t.LoginPageTest [main] Entering user credentials ....
2025-06-16 19:42:45,006 INFO t.LoginPageTest [main] Clicking on Any Random Product ....
2025-06-16 19:43:15,115 INFO t.LoginPageTest [main] Starting test : successLogin
2025-06-16 19:43:15,147 INFO t.LoginPageTest [main] Driver initialized successfully
2025-06-16 19:43:15,148 INFO t.LoginPageTest [main] Entering user credentials ....
2025-06-16 19:43:19,029 INFO t.LoginPageTest [main] Clicking on Any Random Product ....
2025-06-16 19:44:55,502 INFO t.LoginPageTest [main] Starting test : successLogin
2025-06-16 19:44:55,533 INFO t.LoginPageTest [main] Driver initialized successfully
2025-06-16 19:44:55,533 INFO t.LoginPageTest [main] Entering user credentials ....
2025-06-16 19:44:59,472 INFO t.LoginPageTest [main] Clicking on Any Random Product ....
2025-06-16 19:47:20,844 INFO t.LoginPageTest [main] Starting test : successLogin
2025-06-16 19:47:20,876 INFO t.LoginPageTest [main] Driver initialized successfully
2025-06-16 19:47:20,876 INFO t.LoginPageTest [main] Entering user credentials ....
2025-06-16 19:47:24,795 INFO t.LoginPageTest [main] Clicking on Any Random Product ....
2025-06-16 19:47:24,936 INFO t.LoginPageTest [main] Clicking on Cart Icon ....
2025-06-16 19:48:53,464 INFO t.LoginPageTest [main] Starting test : successLogin
2025-06-16 19:48:53,471 INFO t.LoginPageTest [main] Driver initialized successfully
2025-06-16 19:48:53,471 INFO t.LoginPageTest [main] Entering user credentials ....
2025-06-16 19:48:57,332 INFO t.LoginPageTest [main] Clicking on Product Link ....
2025-06-16 19:48:57,565 INFO t.LoginPageTest [main] Clicking on Add To Cart Button ....
2025-06-16 19:48:58,787 INFO t.LoginPageTest [main] Clicking on Cart Icon ....
2025-06-16 19:49:00,877 INFO t.LoginPageTest [main] Entering FirstName ....
2025-06-16 19:49:02,115 INFO t.LoginPageTest [main] Entering LastName ....
2025-06-16 19:49:03,404 INFO t.LoginPageTest [main] Entering ZipCode ....
